<?xml version="1.0" encoding="UTF-8"?>
<testng-results skipped="0" failed="0" ignored="0" total="2" passed="2">
  <reporter-output>
  </reporter-output>
  <suite name="SDET University Test Suites" duration-ms="6614" started-at="2018-09-16T02:00:28Z" finished-at="2018-09-16T02:00:34Z">
    <groups>
    </groups>
    <test name="Smnoke Test: Home Page" duration-ms="3563" started-at="2018-09-16T02:00:28Z" finished-at="2018-09-16T02:00:31Z">
      <class name="demo.smoketests.ATagsTest">
        <test-method status="PASS" signature="setUp()[pri:0, instance:demo.smoketests.ATagsTest@305fd85d]" name="setUp" is-config="true" duration-ms="3345" started-at="2018-09-16T02:00:28Z" finished-at="2018-09-16T02:00:31Z">
          <reporter-output>
          </reporter-output>
        </test-method> <!-- setUp -->
        <test-method status="PASS" signature="aTagsLinksTest()[pri:0, instance:demo.smoketests.ATagsTest@305fd85d]" name="aTagsLinksTest" duration-ms="116" started-at="2018-09-16T02:00:31Z" finished-at="2018-09-16T02:00:31Z">
          <reporter-output>
          </reporter-output>
        </test-method> <!-- aTagsLinksTest -->
        <test-method status="PASS" signature="tearDown()[pri:0, instance:demo.smoketests.ATagsTest@305fd85d]" name="tearDown" is-config="true" duration-ms="83" started-at="2018-09-16T02:00:31Z" finished-at="2018-09-16T02:00:31Z">
          <reporter-output>
          </reporter-output>
        </test-method> <!-- tearDown -->
      </class> <!-- demo.smoketests.ATagsTest -->
    </test> <!-- Smnoke Test: Home Page -->
    <test name="Smoke Test: Login Page" duration-ms="3002" started-at="2018-09-16T02:00:31Z" finished-at="2018-09-16T02:00:34Z">
      <class name="demo.smoketests.LoginPresentTestNG">
        <test-method status="PASS" signature="setUp()[pri:0, instance:demo.smoketests.LoginPresentTestNG@c46bcd4]" name="setUp" is-config="true" duration-ms="2859" started-at="2018-09-16T02:00:31Z" finished-at="2018-09-16T02:00:34Z">
          <reporter-output>
          </reporter-output>
        </test-method> <!-- setUp -->
        <test-method status="PASS" signature="loginElementsPresentTest()[pri:0, instance:demo.smoketests.LoginPresentTestNG@c46bcd4]" name="loginElementsPresentTest" duration-ms="61" started-at="2018-09-16T02:00:34Z" finished-at="2018-09-16T02:00:34Z">
          <reporter-output>
          </reporter-output>
        </test-method> <!-- loginElementsPresentTest -->
        <test-method status="PASS" signature="tearDown()[pri:0, instance:demo.smoketests.LoginPresentTestNG@c46bcd4]" name="tearDown" is-config="true" duration-ms="79" started-at="2018-09-16T02:00:34Z" finished-at="2018-09-16T02:00:34Z">
          <reporter-output>
          </reporter-output>
        </test-method> <!-- tearDown -->
      </class> <!-- demo.smoketests.LoginPresentTestNG -->
    </test> <!-- Smoke Test: Login Page -->
  </suite> <!-- SDET University Test Suites -->
</testng-results>
