<?xml version="1.0" encoding="UTF-8"?>
<testng-results skipped="0" failed="0" ignored="0" total="1" passed="1">
  <reporter-output>
  </reporter-output>
  <suite name="Default suite" duration-ms="36563" started-at="2018-09-17T11:55:34Z" finished-at="2018-09-17T11:56:10Z">
    <groups>
    </groups>
    <test name="Default test" duration-ms="36563" started-at="2018-09-17T11:55:34Z" finished-at="2018-09-17T11:56:10Z">
      <class name="demo.tests.Expedia">
        <test-method status="PASS" signature="setUp()[pri:0, instance:demo.tests.Expedia@86be70a]" name="setUp" is-config="true" duration-ms="20110" started-at="2018-09-17T11:55:34Z" finished-at="2018-09-17T11:55:54Z">
          <reporter-output>
          </reporter-output>
        </test-method> <!-- setUp -->
        <test-method status="PASS" signature="hotelReservationTest()[pri:0, instance:demo.tests.Expedia@86be70a]" name="hotelReservationTest" duration-ms="16436" started-at="2018-09-17T11:55:54Z" finished-at="2018-09-17T11:56:10Z">
          <reporter-output>
          </reporter-output>
        </test-method> <!-- hotelReservationTest -->
        <test-method status="PASS" signature="tearDown()[pri:0, instance:demo.tests.Expedia@86be70a]" name="tearDown" is-config="true" duration-ms="0" started-at="2018-09-17T11:56:10Z" finished-at="2018-09-17T11:56:10Z">
          <reporter-output>
          </reporter-output>
        </test-method> <!-- tearDown -->
      </class> <!-- demo.tests.Expedia -->
    </test> <!-- Default test -->
  </suite> <!-- Default suite -->
</testng-results>
