<?xml version="1.0" encoding="UTF-8"?>
<!-- Generated by org.testng.reporters.JUnitXMLReporter -->
<testsuite hostname="P46575" ignored="0" name="Default test" tests="4" failures="0" timestamp="16 Sep 2018 07:55:18 GMT" time="18.338" errors="0">
  <testcase name="LoginTest" time="1.332" classname="demo.LoginDDTTestNG"/>
  <testcase name="LoginTest" time="1.126" classname="demo.LoginDDTTestNG"/>
  <testcase name="LoginTest" time="1.235" classname="demo.LoginDDTTestNG"/>
  <testcase name="LoginTest" time="1.124" classname="demo.LoginDDTTestNG"/>
</testsuite> <!-- Default test -->
